<?xml version="1.0" encoding="UTF-8"?>
<!-- Generated by org.testng.reporters.JUnitReportReporter -->
<testsuite hostname="Ashukiran" failures="0" tests="2" name="doopeProject.dummy_class2" time="0.026" errors="0" timestamp="2023-09-08T12:40:33 IST" skipped="0">
  <testcase classname="doopeProject.dummy_class2" name="method2" time="0.003"/>
  <testcase classname="doopeProject.dummy_class2" name="method1" time="0.023"/>
</testsuite> <!-- doopeProject.dummy_class2 -->
