<?xml version="1.0" encoding="UTF-8"?>
<!-- Generated by org.testng.reporters.JUnitReportReporter -->
<testsuite hostname="Ashukiran" failures="0" tests="1" name="doopeProject.dummy_class1" time="0.045" errors="0" timestamp="2023-09-12T17:34:13 IST" skipped="0">
  <testcase classname="doopeProject.dummy_class1" name="m1" time="0.045"/>
</testsuite> <!-- doopeProject.dummy_class1 -->
