<?xml version="1.0" encoding="UTF-8"?>
<!-- Generated by org.testng.reporters.JUnitReportReporter -->
<testsuite hostname="Ashukiran" failures="0" tests="1" name="doopeProject.Dummy_test" time="0.026" errors="0" timestamp="2023-09-12T17:33:48 IST" skipped="0">
  <testcase classname="doopeProject.Dummy_test" name="method1" time="0.026"/>
</testsuite> <!-- doopeProject.Dummy_test -->
